Email_final/app/build/outputs/apk/manifest-merger-debug-report.txt
-- Merging decision tree log ---
manifest
ADDED from AndroidManifest.xml:17:1
	package
		ADDED from AndroidManifest.xml:19:5
		INJECTED from AndroidManifest.xml:0:0
		INJECTED from AndroidManifest.xml:0:0
	android:versionName
		ADDED from AndroidManifest.xml:21:5
	android:versionCode
		ADDED from AndroidManifest.xml:20:5
		INJECTED from AndroidManifest.xml:0:0
		INJECTED from AndroidManifest.xml:0:0
	xmlns:android
		ADDED from AndroidManifest.xml:18:5
uses-sdk
ADDED from AndroidManifest.xml:25:5
	android:targetSdkVersion
		ADDED from AndroidManifest.xml:25:15
		INJECTED from AndroidManifest.xml:0:0
		INJECTED from AndroidManifest.xml:0:0
	android:minSdkVersion
		ADDED from AndroidManifest.xml:25:45
		INJECTED from AndroidManifest.xml:0:0
		INJECTED from AndroidManifest.xml:0:0
uses-permission#android.permission.RECEIVE_BOOT_COMPLETED
ADDED from AndroidManifest.xml:29:5
	android:name
		ADDED from AndroidManifest.xml:30:9
uses-permission#android.permission.ACCESS_NETWORK_STATE
ADDED from AndroidManifest.xml:31:5
	android:name
		ADDED from AndroidManifest.xml:32:9
uses-permission#android.permission.INTERNET
ADDED from AndroidManifest.xml:33:5
	android:name
		ADDED from AndroidManifest.xml:34:9
uses-permission#android.permission.VIBRATE
ADDED from AndroidManifest.xml:35:5
	android:name
		ADDED from AndroidManifest.xml:36:9
uses-permission#android.permission.WRITE_EXTERNAL_STORAGE
ADDED from AndroidManifest.xml:37:5
	android:name
		ADDED from AndroidManifest.xml:38:9
uses-permission#android.permission.GET_ACCOUNTS
ADDED from AndroidManifest.xml:39:5
	android:name
		ADDED from AndroidManifest.xml:40:9
uses-permission#android.permission.MANAGE_ACCOUNTS
ADDED from AndroidManifest.xml:41:5
	android:name
		ADDED from AndroidManifest.xml:41:22
uses-permission#android.permission.AUTHENTICATE_ACCOUNTS
ADDED from AndroidManifest.xml:42:5
	android:name
		ADDED from AndroidManifest.xml:43:9
uses-permission#android.permission.READ_SYNC_SETTINGS
ADDED from AndroidManifest.xml:44:5
	android:name
		ADDED from AndroidManifest.xml:45:9
uses-permission#android.permission.WRITE_SYNC_SETTINGS
ADDED from AndroidManifest.xml:46:5
	android:name
		ADDED from AndroidManifest.xml:47:9
uses-permission#android.permission.WRITE_CONTACTS
ADDED from AndroidManifest.xml:49:5
	android:name
		ADDED from AndroidManifest.xml:50:9
uses-permission#android.permission.READ_CONTACTS
ADDED from AndroidManifest.xml:51:5
	android:name
		ADDED from AndroidManifest.xml:52:9
uses-permission#android.permission.READ_PROFILE
ADDED from AndroidManifest.xml:54:5
	android:name
		ADDED from AndroidManifest.xml:55:9
uses-permission#android.permission.NFC
ADDED from AndroidManifest.xml:57:5
	android:name
		ADDED from AndroidManifest.xml:58:9
uses-permission#android.permission.WAKE_LOCK
ADDED from AndroidManifest.xml:61:5
	android:name
		ADDED from AndroidManifest.xml:62:9
uses-permission#android.permission.READ_PHONE_STATE
ADDED from AndroidManifest.xml:63:5
	android:name
		ADDED from AndroidManifest.xml:64:9
permission#com.indeema.email.permission.READ_ATTACHMENT
ADDED from AndroidManifest.xml:67:5
	android:label
		ADDED from AndroidManifest.xml:71:9
	android:protectionLevel
		ADDED from AndroidManifest.xml:70:9
	android:permissionGroup
		ADDED from AndroidManifest.xml:69:9
	android:description
		ADDED from AndroidManifest.xml:72:9
	android:name
		ADDED from AndroidManifest.xml:68:9
uses-permission#com.indeema.email.permission.READ_ATTACHMENT
ADDED from AndroidManifest.xml:73:5
	android:name
		ADDED from AndroidManifest.xml:74:9
uses-permission#android.permission.USE_CREDENTIALS
ADDED from AndroidManifest.xml:76:5
	android:name
		ADDED from AndroidManifest.xml:77:9
permission#com.indeema.email.permission.ACCESS_PROVIDER
ADDED from AndroidManifest.xml:80:5
	android:label
		ADDED from AndroidManifest.xml:83:9
	android:protectionLevel
		ADDED from AndroidManifest.xml:82:9
	android:description
		ADDED from AndroidManifest.xml:84:9
	android:name
		ADDED from AndroidManifest.xml:81:9
uses-permission#com.indeema.email.permission.ACCESS_PROVIDER
ADDED from AndroidManifest.xml:85:5
	android:name
		ADDED from AndroidManifest.xml:86:9
application
ADDED from AndroidManifest.xml:90:5
	android:label
		ADDED from AndroidManifest.xml:92:9
	android:hardwareAccelerated
		ADDED from AndroidManifest.xml:95:9
	android:icon
		ADDED from AndroidManifest.xml:91:9
	android:theme
		ADDED from AndroidManifest.xml:94:9
	android:name
		ADDED from AndroidManifest.xml:93:9
activity#com.indeema.email.activity.Welcome
ADDED from AndroidManifest.xml:97:9
	android:name
		ADDED from AndroidManifest.xml:98:13
intent-filter#android.intent.action.MAIN+android.intent.category.APP_EMAIL+android.intent.category.DEFAULT+android.intent.category.LAUNCHER
ADDED from AndroidManifest.xml:100:13
action#android.intent.action.MAIN
ADDED from AndroidManifest.xml:101:17
	android:name
		ADDED from AndroidManifest.xml:101:25
category#android.intent.category.DEFAULT
ADDED from AndroidManifest.xml:102:17
	android:name
		ADDED from AndroidManifest.xml:102:27
category#android.intent.category.LAUNCHER
ADDED from AndroidManifest.xml:103:17
	android:name
		ADDED from AndroidManifest.xml:103:27
category#android.intent.category.APP_EMAIL
ADDED from AndroidManifest.xml:104:17
	android:name
		ADDED from AndroidManifest.xml:104:27
intent-filter#android.intent.action.MAIN+android.intent.action.VIEW+android.intent.category.DEFAULT+android.intent.category.LAUNCHER
ADDED from AndroidManifest.xml:106:13
action#android.intent.action.VIEW
ADDED from AndroidManifest.xml:107:17
	android:name
		ADDED from AndroidManifest.xml:107:25
data
ADDED from AndroidManifest.xml:111:17
	android:path
		ADDED from AndroidManifest.xml:114:21
	android:host
		ADDED from AndroidManifest.xml:113:21
	android:scheme
		ADDED from AndroidManifest.xml:112:21
activity#com.indeema.email.activity.setup.AccountSetupBasics
ADDED from AndroidManifest.xml:121:9
	android:label
		ADDED from AndroidManifest.xml:123:13
	android:exported
		ADDED from AndroidManifest.xml:124:13
	android:name
		ADDED from AndroidManifest.xml:122:13
intent-filter#android.intent.category.DEFAULT+com.indeema.email.CREATE_ACCOUNT
ADDED from AndroidManifest.xml:126:13
action#com.indeema.email.CREATE_ACCOUNT
ADDED from AndroidManifest.xml:127:17
	android:name
		ADDED from AndroidManifest.xml:128:21
activity#com.indeema.email.activity.setup.AccountSetupAccountType
ADDED from AndroidManifest.xml:133:9
	android:label
		ADDED from AndroidManifest.xml:135:13
	android:name
		ADDED from AndroidManifest.xml:134:13
activity#com.indeema.email.activity.setup.AccountSetupIncoming
ADDED from AndroidManifest.xml:138:9
	android:label
		ADDED from AndroidManifest.xml:140:13
	android:name
		ADDED from AndroidManifest.xml:139:13
activity#com.indeema.email.activity.setup.AccountSetupOutgoing
ADDED from AndroidManifest.xml:143:9
	android:label
		ADDED from AndroidManifest.xml:145:13
	android:name
		ADDED from AndroidManifest.xml:144:13
activity#com.indeema.email.activity.setup.AccountSetupExchange
ADDED from AndroidManifest.xml:148:9
	android:label
		ADDED from AndroidManifest.xml:150:13
	android:name
		ADDED from AndroidManifest.xml:149:13
activity#com.indeema.email.activity.setup.AccountSetupOptions
ADDED from AndroidManifest.xml:153:9
	android:label
		ADDED from AndroidManifest.xml:155:13
	android:name
		ADDED from AndroidManifest.xml:154:13
activity#com.indeema.email.activity.setup.AccountSetupNames
ADDED from AndroidManifest.xml:158:9
	android:label
		ADDED from AndroidManifest.xml:160:13
	android:name
		ADDED from AndroidManifest.xml:159:13
activity#com.indeema.email.activity.setup.AccountSettings
ADDED from AndroidManifest.xml:163:9
	android:label
		ADDED from AndroidManifest.xml:165:13
	android:theme
		ADDED from AndroidManifest.xml:166:13
	android:name
		ADDED from AndroidManifest.xml:164:13
intent-filter#android.intent.category.DEFAULT+com.indeema.email.activity.setup.ACCOUNT_MANAGER_ENTRY
ADDED from AndroidManifest.xml:168:13
action#com.indeema.email.activity.setup.ACCOUNT_MANAGER_ENTRY
ADDED from AndroidManifest.xml:169:17
	android:name
		ADDED from AndroidManifest.xml:170:21
intent-filter#android.intent.action.EDIT+android.intent.category.DEFAULT
ADDED from AndroidManifest.xml:174:13
action#android.intent.action.EDIT
ADDED from AndroidManifest.xml:175:17
	android:name
		ADDED from AndroidManifest.xml:175:25
intent-filter#android.intent.action.MANAGE_NETWORK_USAGE+android.intent.category.DEFAULT
ADDED from AndroidManifest.xml:183:13
action#android.intent.action.MANAGE_NETWORK_USAGE
ADDED from AndroidManifest.xml:184:17
	android:name
		ADDED from AndroidManifest.xml:184:25
activity#com.indeema.email.activity.setup.AccountSecurity
ADDED from AndroidManifest.xml:188:9
	android.label
		ADDED from AndroidManifest.xml:190:13
	android:name
		ADDED from AndroidManifest.xml:189:13
activity#com.indeema.email.activity.ShortcutPicker
ADDED from AndroidManifest.xml:195:9
	android:enabled
		ADDED from AndroidManifest.xml:197:13
	android:theme
		ADDED from AndroidManifest.xml:198:13
	android:name
		ADDED from AndroidManifest.xml:196:13
intent-filter#android.intent.action.CREATE_SHORTCUT+android.intent.category.DEFAULT
ADDED from AndroidManifest.xml:200:13
	android:label
		ADDED from AndroidManifest.xml:201:17
action#android.intent.action.CREATE_SHORTCUT
ADDED from AndroidManifest.xml:202:17
	android:name
		ADDED from AndroidManifest.xml:203:21
activity#com.indeema.email.activity.EmailActivity
ADDED from AndroidManifest.xml:208:9
	android:uiOptions
		ADDED from AndroidManifest.xml:210:13
	android:name
		ADDED from AndroidManifest.xml:209:13
activity#com.indeema.email.activity.MessageFileView
ADDED from AndroidManifest.xml:213:9
	android:name
		ADDED from AndroidManifest.xml:214:13
intent-filter#android.intent.action.VIEW+android.intent.category.DEFAULT
ADDED from AndroidManifest.xml:216:13
	android:label
		ADDED from AndroidManifest.xml:217:17
activity#com.indeema.email.activity.MessageCompose
ADDED from AndroidManifest.xml:228:9
	android:enabled
		ADDED from AndroidManifest.xml:231:13
	android:label
		ADDED from AndroidManifest.xml:230:13
	android:theme
		ADDED from AndroidManifest.xml:232:13
	android:name
		ADDED from AndroidManifest.xml:229:13
intent-filter#android.intent.action.SENDTO+android.intent.action.VIEW+android.intent.category.BROWSABLE+android.intent.category.DEFAULT
ADDED from AndroidManifest.xml:234:13
action#android.intent.action.SENDTO
ADDED from AndroidManifest.xml:237:17
	android:name
		ADDED from AndroidManifest.xml:238:21
category#android.intent.category.BROWSABLE
ADDED from AndroidManifest.xml:243:17
	android:name
		ADDED from AndroidManifest.xml:244:21
intent-filter#android.intent.action.SEND+android.intent.category.DEFAULT
ADDED from AndroidManifest.xml:246:13
	android:label
		ADDED from AndroidManifest.xml:247:17
action#android.intent.action.SEND
ADDED from AndroidManifest.xml:248:17
	android:name
		ADDED from AndroidManifest.xml:249:21
intent-filter#android.intent.action.SEND_MULTIPLE+android.intent.category.DEFAULT
ADDED from AndroidManifest.xml:255:13
	android:label
		ADDED from AndroidManifest.xml:256:17
action#android.intent.action.SEND_MULTIPLE
ADDED from AndroidManifest.xml:257:17
	android:name
		ADDED from AndroidManifest.xml:258:21
intent-filter#com.indeema.email.intent.action.REPLY
ADDED from AndroidManifest.xml:264:13
action#com.indeema.email.intent.action.REPLY
ADDED from AndroidManifest.xml:265:17
	android:name
		ADDED from AndroidManifest.xml:266:21
activity#com.indeema.email.activity.MessageList
ADDED from AndroidManifest.xml:271:9
	android:name
		ADDED from AndroidManifest.xml:272:13
intent-filter#android.intent.action.MAIN
ADDED from AndroidManifest.xml:274:13
activity#com.indeema.email.activity.setup.MailboxSettings
ADDED from AndroidManifest.xml:279:9
	android:label
		ADDED from AndroidManifest.xml:281:13
	android:name
		ADDED from AndroidManifest.xml:280:13
receiver#com.indeema.email.service.AttachmentDownloadService$Watchdog
ADDED from AndroidManifest.xml:285:9
	android:enabled
		ADDED from AndroidManifest.xml:287:13
	android:name
		ADDED from AndroidManifest.xml:286:13
receiver#com.indeema.email.service.EmailBroadcastReceiver
ADDED from AndroidManifest.xml:289:9
	android:enabled
		ADDED from AndroidManifest.xml:291:13
	android:name
		ADDED from AndroidManifest.xml:290:13
intent-filter#android.accounts.LOGIN_ACCOUNTS_CHANGED+android.intent.action.BOOT_COMPLETED+android.intent.action.DEVICE_STORAGE_LOW+android.intent.action.DEVICE_STORAGE_OK
ADDED from AndroidManifest.xml:292:13
action#android.intent.action.BOOT_COMPLETED
ADDED from AndroidManifest.xml:293:17
	android:name
		ADDED from AndroidManifest.xml:294:21
action#android.intent.action.DEVICE_STORAGE_LOW
ADDED from AndroidManifest.xml:295:17
	android:name
		ADDED from AndroidManifest.xml:296:21
action#android.intent.action.DEVICE_STORAGE_OK
ADDED from AndroidManifest.xml:297:17
	android:name
		ADDED from AndroidManifest.xml:298:21
action#android.accounts.LOGIN_ACCOUNTS_CHANGED
ADDED from AndroidManifest.xml:299:17
	android:name
		ADDED from AndroidManifest.xml:300:21
intent-filter#android.provider.Telephony.SECRET_CODE
ADDED from AndroidManifest.xml:303:13
action#android.provider.Telephony.SECRET_CODE
ADDED from AndroidManifest.xml:304:17
	android:name
		ADDED from AndroidManifest.xml:305:21
service#com.indeema.email.service.EmailBroadcastProcessorService
ADDED from AndroidManifest.xml:312:9
	android:name
		ADDED from AndroidManifest.xml:313:13
receiver#com.indeema.email.SecurityPolicy$PolicyAdmin
ADDED from AndroidManifest.xml:316:9
	android:label
		ADDED from AndroidManifest.xml:318:13
	android:permission
		ADDED from AndroidManifest.xml:320:13
	android:description
		ADDED from AndroidManifest.xml:319:13
	android:name
		ADDED from AndroidManifest.xml:317:13
meta-data#android.app.device_admin
ADDED from AndroidManifest.xml:321:13
	android:resource
		ADDED from AndroidManifest.xml:323:17
	android:name
		ADDED from AndroidManifest.xml:322:17
intent-filter#android.app.action.DEVICE_ADMIN_ENABLED
ADDED from AndroidManifest.xml:324:13
action#android.app.action.DEVICE_ADMIN_ENABLED
ADDED from AndroidManifest.xml:325:17
	android:name
		ADDED from AndroidManifest.xml:326:21
service#com.indeema.email.service.MailService
ADDED from AndroidManifest.xml:330:9
	android:enabled
		ADDED from AndroidManifest.xml:332:13
	android:name
		ADDED from AndroidManifest.xml:331:13
service#com.indeema.email.Controller$ControllerService
ADDED from AndroidManifest.xml:336:9
	android:enabled
		ADDED from AndroidManifest.xml:338:13
	android:name
		ADDED from AndroidManifest.xml:337:13
service#com.indeema.email.service.AttachmentDownloadService
ADDED from AndroidManifest.xml:342:9
	android:enabled
		ADDED from AndroidManifest.xml:344:13
	android:name
		ADDED from AndroidManifest.xml:343:13
service#com.indeema.email.service.PopImapAuthenticatorService
ADDED from AndroidManifest.xml:349:9
	android:enabled
		ADDED from AndroidManifest.xml:352:13
	android:exported
		ADDED from AndroidManifest.xml:351:13
	android:name
		ADDED from AndroidManifest.xml:350:13
intent-filter#android.accounts.AccountAuthenticator
ADDED from AndroidManifest.xml:354:13
action#android.accounts.AccountAuthenticator
ADDED from AndroidManifest.xml:355:17
	android:name
		ADDED from AndroidManifest.xml:356:21
meta-data#android.accounts.AccountAuthenticator
ADDED from AndroidManifest.xml:358:13
	android:resource
		ADDED from AndroidManifest.xml:360:17
	android:name
		ADDED from AndroidManifest.xml:359:17
service#com.indeema.email.service.PopImapSyncAdapterService
ADDED from AndroidManifest.xml:365:9
	android:exported
		ADDED from AndroidManifest.xml:367:13
	android:name
		ADDED from AndroidManifest.xml:366:13
intent-filter#android.content.SyncAdapter
ADDED from AndroidManifest.xml:368:13
action#android.content.SyncAdapter
ADDED from AndroidManifest.xml:369:17
	android:name
		ADDED from AndroidManifest.xml:370:21
meta-data#android.content.SyncAdapter
ADDED from AndroidManifest.xml:372:13
	android:resource
		ADDED from AndroidManifest.xml:373:24
	android:name
		ADDED from AndroidManifest.xml:372:24
service#com.indeema.email.service.PolicyService
ADDED from AndroidManifest.xml:377:9
	android:enabled
		ADDED from AndroidManifest.xml:379:13
	android:permission
		ADDED from AndroidManifest.xml:380:13
	android:name
		ADDED from AndroidManifest.xml:378:13
intent-filter#com.indeema.email.POLICY_INTENT
ADDED from AndroidManifest.xml:382:13
action#com.indeema.email.POLICY_INTENT
ADDED from AndroidManifest.xml:383:17
	android:name
		ADDED from AndroidManifest.xml:384:21
service#com.indeema.email.service.AccountService
ADDED from AndroidManifest.xml:388:9
	android:enabled
		ADDED from AndroidManifest.xml:390:13
	android:permission
		ADDED from AndroidManifest.xml:391:13
	android:name
		ADDED from AndroidManifest.xml:389:13
intent-filter#com.indeema.email.ACCOUNT_INTENT
ADDED from AndroidManifest.xml:393:13
action#com.indeema.email.ACCOUNT_INTENT
ADDED from AndroidManifest.xml:394:17
	android:name
		ADDED from AndroidManifest.xml:395:21
service#com.indeema.email.service.EasAuthenticatorService
ADDED from AndroidManifest.xml:400:9
	android:enabled
		ADDED from AndroidManifest.xml:403:13
	android:exported
		ADDED from AndroidManifest.xml:402:13
	android:name
		ADDED from AndroidManifest.xml:401:13
service#com.indeema.email.service.EasTestAuthenticatorService
ADDED from AndroidManifest.xml:415:9
	android:enabled
		ADDED from AndroidManifest.xml:418:13
	android:exported
		ADDED from AndroidManifest.xml:417:13
	android:name
		ADDED from AndroidManifest.xml:416:13
service#com.indeema.email.service.EasAuthenticatorServiceAlternate
ADDED from AndroidManifest.xml:433:9
	android:enabled
		ADDED from AndroidManifest.xml:436:13
	android:exported
		ADDED from AndroidManifest.xml:435:13
	android:name
		ADDED from AndroidManifest.xml:434:13
provider#com.indeema.email.provider.AttachmentProvider
ADDED from AndroidManifest.xml:448:9
	android:readPermission
		ADDED from AndroidManifest.xml:453:13
	android:authorities
		ADDED from AndroidManifest.xml:450:13
	android:grantUriPermissions
		ADDED from AndroidManifest.xml:452:13
	android:multiprocess
		ADDED from AndroidManifest.xml:451:13
	android:name
		ADDED from AndroidManifest.xml:449:13
provider#com.indeema.email.provider.EmailProvider
ADDED from AndroidManifest.xml:458:9
	android:authorities
		ADDED from AndroidManifest.xml:460:13
	android:label
		ADDED from AndroidManifest.xml:463:13
	android:multiprocess
		ADDED from AndroidManifest.xml:461:13
	android:permission
		ADDED from AndroidManifest.xml:462:13
	android:name
		ADDED from AndroidManifest.xml:459:13
activity#com.indeema.email.widget.WidgetConfiguration
ADDED from AndroidManifest.xml:467:9
	android:enabled
		ADDED from AndroidManifest.xml:469:13
	android:theme
		ADDED from AndroidManifest.xml:470:13
	android:name
		ADDED from AndroidManifest.xml:468:13
intent-filter#android.appwidget.action.APPWIDGET_CONFIGURE+android.intent.category.DEFAULT
ADDED from AndroidManifest.xml:472:13
	android:label
		ADDED from AndroidManifest.xml:473:17
action#android.appwidget.action.APPWIDGET_CONFIGURE
ADDED from AndroidManifest.xml:474:17
	android:name
		ADDED from AndroidManifest.xml:475:21
service#com.indeema.email.provider.WidgetProvider$WidgetService
ADDED from AndroidManifest.xml:480:9
	android:exported
		ADDED from AndroidManifest.xml:483:13
	android:permission
		ADDED from AndroidManifest.xml:482:13
	android:name
		ADDED from AndroidManifest.xml:481:13
receiver#com.indeema.email.provider.WidgetProvider
ADDED from AndroidManifest.xml:485:9
	android:name
		ADDED from AndroidManifest.xml:486:13
intent-filter#android.appwidget.action.APPWIDGET_UPDATE
ADDED from AndroidManifest.xml:487:13
action#android.appwidget.action.APPWIDGET_UPDATE
ADDED from AndroidManifest.xml:488:17
	android:name
		ADDED from AndroidManifest.xml:489:21
intent-filter#com.indeema.email.MESSAGE_LIST_DATASET_CHANGED
ADDED from AndroidManifest.xml:491:13
action#com.indeema.email.MESSAGE_LIST_DATASET_CHANGED
ADDED from AndroidManifest.xml:492:17
	android:name
		ADDED from AndroidManifest.xml:492:25
meta-data#android.appwidget.provider
ADDED from AndroidManifest.xml:494:13
	android:resource
		ADDED from AndroidManifest.xml:496:17
	android:name
		ADDED from AndroidManifest.xml:495:17
android:uses-permission#android.permission.READ_EXTERNAL_STORAGE
IMPLIED from AndroidManifest.xml:17:1 reason: com.android.ex.chips requested WRITE_EXTERNAL_STORAGE